# JRE version: Java(TM) SE Runtime Environment (8.0_40-b26) (build 1.8.0_40-b26)
# Java VM: Java HotSpot(TM) 64-Bit Server VM (25.40-b25 mixed mode windows-amd64 compressed oops)
Heap:
 PSYoungGen      total 188416K, used 114065K [0x00000000d5d80000, 0x00000000e2400000, 0x0000000100000000)
  eden space 177152K, 59% used [0x00000000d5d80000,0x00000000dc444718,0x00000000e0a80000)
  from space 11264K, 78% used [0x00000000e1600000,0x00000000e1e9fea8,0x00000000e2100000)
  to   space 11776K, 0% used [0x00000000e0a80000,0x00000000e0a80000,0x00000000e1600000)
 ParOldGen       total 84480K, used 16826K [0x0000000081800000, 0x0000000086a80000, 0x00000000d5d80000)
  object space 84480K, 19% used [0x0000000081800000,0x000000008286e930,0x0000000086a80000)
 Metaspace       used 43230K, capacity 45604K, committed 45912K, reserved 1089536K
  class space    used 5781K, capacity 6196K, committed 6272K, reserved 1048576K
GC Heap History (10 events):
Event: 4.352 GC heap before
{Heap before GC invocations=6 (full 1):
 PSYoungGen      total 67072K, used 5119K [0x00000000d5d80000, 0x00000000de580000, 0x0000000100000000)
  eden space 61952K, 0% used [0x00000000d5d80000,0x00000000d5d80000,0x00000000d9a00000)
  from space 5120K, 99% used [0x00000000d9a00000,0x00000000d9effe10,0x00000000d9f00000)
  to   space 7680K, 0% used [0x00000000dde00000,0x00000000dde00000,0x00000000de580000)
 ParOldGen       total 87552K, used 3616K [0x0000000081800000, 0x0000000086d80000, 0x00000000d5d80000)
  object space 87552K, 4% used [0x0000000081800000,0x0000000081b883f0,0x0000000086d80000)
 Metaspace       used 20605K, capacity 21132K, committed 21248K, reserved 1067008K
  class space    used 2609K, capacity 2762K, committed 2816K, reserved 1048576K
Event: 4.386 GC heap after
Heap after GC invocations=6 (full 1):
 PSYoungGen      total 67072K, used 0K [0x00000000d5d80000, 0x00000000de580000, 0x0000000100000000)
  eden space 61952K, 0% used [0x00000000d5d80000,0x00000000d5d80000,0x00000000d9a00000)
  from space 5120K, 0% used [0x00000000d9a00000,0x00000000d9a00000,0x00000000d9f00000)
  to   space 7680K, 0% used [0x00000000dde00000,0x00000000dde00000,0x00000000de580000)
 ParOldGen       total 49664K, used 5709K [0x0000000081800000, 0x0000000084880000, 0x00000000d5d80000)
  object space 49664K, 11% used [0x0000000081800000,0x0000000081d93768,0x0000000084880000)
 Metaspace       used 20605K, capacity 21132K, committed 21248K, reserved 1067008K
  class space    used 2609K, capacity 2762K, committed 2816K, reserved 1048576K
}
Event: 5.276 GC heap before
{Heap before GC invocations=7 (full 1):
 PSYoungGen      total 67072K, used 61952K [0x00000000d5d80000, 0x00000000de580000, 0x0000000100000000)
  eden space 61952K, 100% used [0x00000000d5d80000,0x00000000d9a00000,0x00000000d9a00000)
  from space 5120K, 0% used [0x00000000d9a00000,0x00000000d9a00000,0x00000000d9f00000)
  to   space 7680K, 0% used [0x00000000dde00000,0x00000000dde00000,0x00000000de580000)
 ParOldGen       total 49664K, used 5709K [0x0000000081800000, 0x0000000084880000, 0x00000000d5d80000)
  object space 49664K, 11% used [0x0000000081800000,0x0000000081d93768,0x0000000084880000)
 Metaspace       used 25961K, capacity 26700K, committed 26880K, reserved 1073152K
  class space    used 3302K, capacity 3494K, committed 3584K, reserved 1048576K
Event: 5.283 GC heap after
Heap after GC invocations=7 (full 1):
 PSYoungGen      total 113152K, used 6946K [0x00000000d5d80000, 0x00000000de500000, 0x0000000100000000)
  eden space 105984K, 0% used [0x00000000d5d80000,0x00000000d5d80000,0x00000000dc500000)
  from space 7168K, 96% used [0x00000000dde00000,0x00000000de4c89a0,0x00000000de500000)
  to   space 8192K, 0% used [0x00000000dd500000,0x00000000dd500000,0x00000000ddd00000)
 ParOldGen       total 49664K, used 5781K [0x0000000081800000, 0x0000000084880000, 0x00000000d5d80000)
  object space 49664K, 11% used [0x0000000081800000,0x0000000081da5778,0x0000000084880000)
 Metaspace       used 25961K, capacity 26700K, committed 26880K, reserved 1073152K
  class space    used 3302K, capacity 3494K, committed 3584K, reserved 1048576K
}
Event: 7.887 GC heap before
{Heap before GC invocations=8 (full 1):
 PSYoungGen      total 113152K, used 98983K [0x00000000d5d80000, 0x00000000de500000, 0x0000000100000000)
  eden space 105984K, 86% used [0x00000000d5d80000,0x00000000db761438,0x00000000dc500000)
  from space 7168K, 96% used [0x00000000dde00000,0x00000000de4c89a0,0x00000000de500000)
  to   space 8192K, 0% used [0x00000000dd500000,0x00000000dd500000,0x00000000ddd00000)
 ParOldGen       total 49664K, used 5781K [0x0000000081800000, 0x0000000084880000, 0x00000000d5d80000)
  object space 49664K, 11% used [0x0000000081800000,0x0000000081da5778,0x0000000084880000)
 Metaspace       used 34213K, capacity 35306K, committed 35416K, reserved 1079296K
  class space    used 4417K, capacity 4649K, committed 4736K, reserved 1048576K
Event: 7.909 GC heap after
Heap after GC invocations=8 (full 1):
 PSYoungGen      total 130560K, used 8169K [0x00000000d5d80000, 0x00000000e2100000, 0x0000000100000000)
  eden space 122368K, 0% used [0x00000000d5d80000,0x00000000d5d80000,0x00000000dd500000)
  from space 8192K, 99% used [0x00000000dd500000,0x00000000ddcfa530,0x00000000ddd00000)
  to   space 11264K, 0% used [0x00000000e1600000,0x00000000e1600000,0x00000000e2100000)
 ParOldGen       total 49664K, used 10385K [0x0000000081800000, 0x0000000084880000, 0x00000000d5d80000)
  object space 49664K, 20% used [0x0000000081800000,0x00000000822245c8,0x0000000084880000)
 Metaspace       used 34213K, capacity 35306K, committed 35416K, reserved 1079296K
  class space    used 4417K, capacity 4649K, committed 4736K, reserved 1048576K
}
Event: 7.909 GC heap before
{Heap before GC invocations=9 (full 2):
 PSYoungGen      total 130560K, used 8169K [0x00000000d5d80000, 0x00000000e2100000, 0x0000000100000000)
  eden space 122368K, 0% used [0x00000000d5d80000,0x00000000d5d80000,0x00000000dd500000)
  from space 8192K, 99% used [0x00000000dd500000,0x00000000ddcfa530,0x00000000ddd00000)
  to   space 11264K, 0% used [0x00000000e1600000,0x00000000e1600000,0x00000000e2100000)
 ParOldGen       total 49664K, used 10385K [0x0000000081800000, 0x0000000084880000, 0x00000000d5d80000)
  object space 49664K, 20% used [0x0000000081800000,0x00000000822245c8,0x0000000084880000)
 Metaspace       used 34213K, capacity 35306K, committed 35416K, reserved 1079296K
  class space    used 4417K, capacity 4649K, committed 4736K, reserved 1048576K
Event: 7.999 GC heap after
Heap after GC invocations=9 (full 2):
 PSYoungGen      total 130560K, used 0K [0x00000000d5d80000, 0x00000000e2100000, 0x0000000100000000)
  eden space 122368K, 0% used [0x00000000d5d80000,0x00000000d5d80000,0x00000000dd500000)
  from space 8192K, 0% used [0x00000000dd500000,0x00000000dd500000,0x00000000ddd00000)
  to   space 11264K, 0% used [0x00000000e1600000,0x00000000e1600000,0x00000000e2100000)
 ParOldGen       total 84480K, used 16818K [0x0000000081800000, 0x0000000086a80000, 0x00000000d5d80000)
  object space 84480K, 19% used [0x0000000081800000,0x000000008286c930,0x0000000086a80000)
 Metaspace       used 34213K, capacity 35306K, committed 35416K, reserved 1079296K
  class space    used 4417K, capacity 4649K, committed 4736K, reserved 1048576K
}
Event: 10.284 GC heap before
{Heap before GC invocations=10 (full 2):
 PSYoungGen      total 130560K, used 122368K [0x00000000d5d80000, 0x00000000e2100000, 0x0000000100000000)
  eden space 122368K, 100% used [0x00000000d5d80000,0x00000000dd500000,0x00000000dd500000)
  from space 8192K, 0% used [0x00000000dd500000,0x00000000dd500000,0x00000000ddd00000)
  to   space 11264K, 0% used [0x00000000e1600000,0x00000000e1600000,0x00000000e2100000)
 ParOldGen       total 84480K, used 16818K [0x0000000081800000, 0x0000000086a80000, 0x00000000d5d80000)
  object space 84480K, 19% used [0x0000000081800000,0x000000008286c930,0x0000000086a80000)
 Metaspace       used 38720K, capacity 40668K, committed 40792K, reserved 1085440K
  class space    used 5090K, capacity 5420K, committed 5504K, reserved 1048576K
Event: 10.308 GC heap after
Heap after GC invocations=10 (full 2):
 PSYoungGen      total 188416K, used 8831K [0x00000000d5d80000, 0x00000000e2400000, 0x0000000100000000)
  eden space 177152K, 0% used [0x00000000d5d80000,0x00000000d5d80000,0x00000000e0a80000)
  from space 11264K, 78% used [0x00000000e1600000,0x00000000e1e9fea8,0x00000000e2100000)
  to   space 11776K, 0% used [0x00000000e0a80000,0x00000000e0a80000,0x00000000e1600000)
 ParOldGen       total 84480K, used 16826K [0x0000000081800000, 0x0000000086a80000, 0x00000000d5d80000)
  object space 84480K, 19% used [0x0000000081800000,0x000000008286e930,0x0000000086a80000)
 Metaspace       used 38720K, capacity 40668K, committed 40792K, reserved 1085440K
  class space    used 5090K, capacity 5420K, committed 5504K, reserved 1048576K
}

